(pip_torchvs) user@user-ThinkPad-T14-Gen-2i:~/edgeML_deploy_tools$ bash execute.sh image_class onnx
2023-03-02 16:39:50.562 | INFO     | extractDrive:downloadCOCO:32 - COCO Image Dataset already exists
None
Download all models for application image_class
2023-03-02 16:39:50.694 | WARNING  | __main__:<module>:71 - Directory /home/user/edgeML_deploy_tools/csv_output not found. Creating...
2023-03-02 16:39:50.694 | WARNING  | __main__:<module>:74 - Directory /home/user/edgeML_deploy_tools/drawingRes not found. Creating...
2023-03-02 16:39:50.694 | INFO     | __main__:downloadCOCO:32 - COCO Image Dataset already exists
2023-03-02 16:39:50.695 | INFO     | __main__:downloadApplicationsModel:41 - Extracting model: alexnet ... from https://drive.google.com/u/2/uc?id=1FPfEM7T1lXfezz_9jWY0jnp4KBq16wrz
2023-03-02 16:39:50.695 | WARNING  | __main__:downloadApplicationsModel:47 - Directory /home/user/edgeML_deploy_tools/image_class_onnx not found. Creating...
2023-03-02 16:39:50.695 | WARNING  | __main__:downloadApplicationsModel:56 - Application model alexnet not found. Downloading...
Downloading...
From: https://drive.google.com/u/2/uc?id=1FPfEM7T1lXfezz_9jWY0jnp4KBq16wrz
To: /home/user/edgeML_deploy_tools/image_class_onnx/alexnet.onnx.tar.gz
100%|███████████████████████████████████████████████████████████████████████████████████████████████████████████████████████████████████████████████████████████████████████████████████████████████████████████████████████████████████████████| 227M/227M [00:35<00:00, 6.40MB/s]
2023-03-02 16:40:27.875 | WARNING  | __main__:downloadApplicationsModel:62 - File is not extracted.Extracting application model alexnet...
2023-03-02 16:40:29.175 | INFO     | __main__:downloadApplicationsModel:66 - Finish extracting application modelalexnet
2023-03-02 16:40:29.175 | INFO     | __main__:downloadApplicationsModel:41 - Extracting model: googlenet ... from https://drive.google.com/u/2/uc?id=1s9BH24hhzZBwWlzqZNicQuRrqRlIqO8f
2023-03-02 16:40:29.175 | WARNING  | __main__:downloadApplicationsModel:50 - Directory /home/user/edgeML_deploy_tools/image_class_onnx already exists!!
2023-03-02 16:40:29.175 | WARNING  | __main__:downloadApplicationsModel:56 - Application model googlenet not found. Downloading...
Downloading...
From: https://drive.google.com/u/2/uc?id=1s9BH24hhzZBwWlzqZNicQuRrqRlIqO8f
To: /home/user/edgeML_deploy_tools/image_class_onnx/googlenet.onnx.tar.gz
100%|█████████████████████████████████████████████████████████████████████████████████████████████████████████████████████████████████████████████████████████████████████████████████████████████████████████████████████████████████████████| 24.6M/24.6M [00:03<00:00, 6.21MB/s]
2023-03-02 16:40:35.613 | WARNING  | __main__:downloadApplicationsModel:62 - File is not extracted.Extracting application model googlenet...
2023-03-02 16:40:35.752 | INFO     | __main__:downloadApplicationsModel:66 - Finish extracting application modelgooglenet
2023-03-02 16:40:35.752 | INFO     | __main__:downloadApplicationsModel:41 - Extracting model: efficientnet_b0 ... from https://drive.google.com/u/2/uc?id=19sv8_C36BN1lK_dZ-ARukN0pvK4pUmyS
2023-03-02 16:40:35.752 | WARNING  | __main__:downloadApplicationsModel:50 - Directory /home/user/edgeML_deploy_tools/image_class_onnx already exists!!
2023-03-02 16:40:35.752 | WARNING  | __main__:downloadApplicationsModel:56 - Application model efficientnet_b0 not found. Downloading...
Downloading...
From: https://drive.google.com/u/2/uc?id=19sv8_C36BN1lK_dZ-ARukN0pvK4pUmyS
To: /home/user/edgeML_deploy_tools/image_class_onnx/efficientnet_b0.onnx.tar.gz
100%|█████████████████████████████████████████████████████████████████████████████████████████████████████████████████████████████████████████████████████████████████████████████████████████████████████████████████████████████████████████| 19.6M/19.6M [00:02<00:00, 7.18MB/s]
2023-03-02 16:40:41.046 | WARNING  | __main__:downloadApplicationsModel:62 - File is not extracted.Extracting application model efficientnet_b0...
2023-03-02 16:40:41.167 | INFO     | __main__:downloadApplicationsModel:66 - Finish extracting application modelefficientnet_b0
2023-03-02 16:40:41.168 | INFO     | __main__:downloadApplicationsModel:41 - Extracting model: densenet121 ... from https://drive.google.com/u/2/uc?id=1234hYCBK0VgZOLIZIqM4zMGNIphrdFKx
2023-03-02 16:40:41.168 | WARNING  | __main__:downloadApplicationsModel:50 - Directory /home/user/edgeML_deploy_tools/image_class_onnx already exists!!
2023-03-02 16:40:41.168 | WARNING  | __main__:downloadApplicationsModel:56 - Application model densenet121 not found. Downloading...
Downloading...
From: https://drive.google.com/u/2/uc?id=1234hYCBK0VgZOLIZIqM4zMGNIphrdFKx
To: /home/user/edgeML_deploy_tools/image_class_onnx/densenet121.onnx.tar.gz
100%|█████████████████████████████████████████████████████████████████████████████████████████████████████████████████████████████████████████████████████████████████████████████████████████████████████████████████████████████████████████| 30.3M/30.3M [00:04<00:00, 6.72MB/s]
2023-03-02 16:40:47.014 | WARNING  | __main__:downloadApplicationsModel:62 - File is not extracted.Extracting application model densenet121...
2023-03-02 16:40:47.189 | INFO     | __main__:downloadApplicationsModel:66 - Finish extracting application modeldensenet121
2023-03-02 16:40:47.190 | INFO     | __main__:downloadApplicationsModel:41 - Extracting model: squeezenet1_0 ... from https://drive.google.com/u/2/uc?id=1Nb3I2lsJ1VzrmYPjjwrWkYQ3RAdNCCoC
2023-03-02 16:40:47.190 | WARNING  | __main__:downloadApplicationsModel:50 - Directory /home/user/edgeML_deploy_tools/image_class_onnx already exists!!
2023-03-02 16:40:47.190 | WARNING  | __main__:downloadApplicationsModel:56 - Application model squeezenet1_0 not found. Downloading...
Downloading...
From: https://drive.google.com/u/2/uc?id=1Nb3I2lsJ1VzrmYPjjwrWkYQ3RAdNCCoC
To: /home/user/edgeML_deploy_tools/image_class_onnx/squeezenet1_0.onnx.tar.gz
100%|█████████████████████████████████████████████████████████████████████████████████████████████████████████████████████████████████████████████████████████████████████████████████████████████████████████████████████████████████████████| 4.67M/4.67M [00:00<00:00, 6.46MB/s]
2023-03-02 16:40:49.483 | WARNING  | __main__:downloadApplicationsModel:62 - File is not extracted.Extracting application model squeezenet1_0...
2023-03-02 16:40:49.518 | INFO     | __main__:downloadApplicationsModel:66 - Finish extracting application modelsqueezenet1_0
2023-03-02 16:40:49.518 | INFO     | __main__:downloadApplicationsModel:41 - Extracting model: inception_v3 ... from https://drive.google.com/u/2/uc?id=1YUqQ1dOKSpBWX8TRUZ7LgNiZCWCOEOKd
2023-03-02 16:40:49.518 | WARNING  | __main__:downloadApplicationsModel:50 - Directory /home/user/edgeML_deploy_tools/image_class_onnx already exists!!
2023-03-02 16:40:49.518 | WARNING  | __main__:downloadApplicationsModel:56 - Application model inception_v3 not found. Downloading...
Downloading...
From: https://drive.google.com/u/2/uc?id=1YUqQ1dOKSpBWX8TRUZ7LgNiZCWCOEOKd
To: /home/user/edgeML_deploy_tools/image_class_onnx/inception_v3.onnx.tar.gz
100%|█████████████████████████████████████████████████████████████████████████████████████████████████████████████████████████████████████████████████████████████████████████████████████████████████████████████████████████████████████████| 88.5M/88.5M [00:12<00:00, 7.21MB/s]
2023-03-02 16:41:02.792 | WARNING  | __main__:downloadApplicationsModel:62 - File is not extracted.Extracting application model inception_v3...
2023-03-02 16:41:03.302 | INFO     | __main__:downloadApplicationsModel:66 - Finish extracting application modelinception_v3
2023-03-02 16:41:03.302 | INFO     | __main__:downloadApplicationsModel:41 - Extracting model: maxvit_t ... from https://drive.google.com/u/2/uc?id=1kKfyEJLyd30vLARuf16SxkIu3WvwA3rb
2023-03-02 16:41:03.302 | WARNING  | __main__:downloadApplicationsModel:50 - Directory /home/user/edgeML_deploy_tools/image_class_onnx already exists!!
2023-03-02 16:41:03.302 | WARNING  | __main__:downloadApplicationsModel:56 - Application model maxvit_t not found. Downloading...
Downloading...
From: https://drive.google.com/u/2/uc?id=1kKfyEJLyd30vLARuf16SxkIu3WvwA3rb
To: /home/user/edgeML_deploy_tools/image_class_onnx/maxvit_t.onnx.tar.gz
100%|███████████████████████████████████████████████████████████████████████████████████████████████████████████████████████████████████████████████████████████████████████████████████████████████████████████████████████████████████████████| 115M/115M [00:15<00:00, 7.24MB/s]
2023-03-02 16:41:20.406 | WARNING  | __main__:downloadApplicationsModel:62 - File is not extracted.Extracting application model maxvit_t...
2023-03-02 16:41:21.062 | INFO     | __main__:downloadApplicationsModel:66 - Finish extracting application modelmaxvit_t
2023-03-02 16:41:21.062 | INFO     | __main__:downloadApplicationsModel:41 - Extracting model: shufflenet_v2_x0_5 ... from https://drive.google.com/u/2/uc?id=1_GEQRc8Oq_Ikg2uSIykgqxPonGuMwdBc
2023-03-02 16:41:21.063 | WARNING  | __main__:downloadApplicationsModel:50 - Directory /home/user/edgeML_deploy_tools/image_class_onnx already exists!!
2023-03-02 16:41:21.063 | WARNING  | __main__:downloadApplicationsModel:56 - Application model shufflenet_v2_x0_5 not found. Downloading...
Downloading...
From: https://drive.google.com/u/2/uc?id=1_GEQRc8Oq_Ikg2uSIykgqxPonGuMwdBc
To: /home/user/edgeML_deploy_tools/image_class_onnx/shufflenet_v2_x0_5.onnx.tar.gz
100%|█████████████████████████████████████████████████████████████████████████████████████████████████████████████████████████████████████████████████████████████████████████████████████████████████████████████████████████████████████████| 5.08M/5.08M [00:00<00:00, 7.00MB/s]
2023-03-02 16:41:23.274 | WARNING  | __main__:downloadApplicationsModel:62 - File is not extracted.Extracting application model shufflenet_v2_x0_5...
2023-03-02 16:41:23.314 | INFO     | __main__:downloadApplicationsModel:66 - Finish extracting application modelshufflenet_v2_x0_5
2023-03-02 16:41:23.314 | INFO     | __main__:downloadApplicationsModel:41 - Extracting model: mobilenet_v2 ... from https://drive.google.com/u/2/uc?id=1TuuDSv20vhxCJrI5ZNkJjYrKIm2WGa6K
2023-03-02 16:41:23.314 | WARNING  | __main__:downloadApplicationsModel:50 - Directory /home/user/edgeML_deploy_tools/image_class_onnx already exists!!
2023-03-02 16:41:23.314 | WARNING  | __main__:downloadApplicationsModel:56 - Application model mobilenet_v2 not found. Downloading...
Downloading...
From: https://drive.google.com/u/2/uc?id=1TuuDSv20vhxCJrI5ZNkJjYrKIm2WGa6K
To: /home/user/edgeML_deploy_tools/image_class_onnx/mobilenet_v2.onnx.tar.gz
100%|█████████████████████████████████████████████████████████████████████████████████████████████████████████████████████████████████████████████████████████████████████████████████████████████████████████████████████████████████████████| 13.0M/13.0M [00:01<00:00, 7.57MB/s]
2023-03-02 16:41:26.917 | WARNING  | __main__:downloadApplicationsModel:62 - File is not extracted.Extracting application model mobilenet_v2...
2023-03-02 16:41:27.001 | INFO     | __main__:downloadApplicationsModel:66 - Finish extracting application modelmobilenet_v2
2023-03-02 16:41:27.001 | INFO     | __main__:downloadApplicationsModel:41 - Extracting model: mobilenet_v3_small ... from https://drive.google.com/u/2/uc?id=1D0dKvbrF4SIcJ6q-KEauWDa3cO2ydBnH
2023-03-02 16:41:27.001 | WARNING  | __main__:downloadApplicationsModel:50 - Directory /home/user/edgeML_deploy_tools/image_class_onnx already exists!!
2023-03-02 16:41:27.001 | WARNING  | __main__:downloadApplicationsModel:56 - Application model mobilenet_v3_small not found. Downloading...
Downloading...
From: https://drive.google.com/u/2/uc?id=1D0dKvbrF4SIcJ6q-KEauWDa3cO2ydBnH
To: /home/user/edgeML_deploy_tools/image_class_onnx/mobilenet_v3_small.onnx.tar.gz
100%|█████████████████████████████████████████████████████████████████████████████████████████████████████████████████████████████████████████████████████████████████████████████████████████████████████████████████████████████████████████| 9.43M/9.43M [00:01<00:00, 6.30MB/s]
2023-03-02 16:41:30.188 | WARNING  | __main__:downloadApplicationsModel:62 - File is not extracted.Extracting application model mobilenet_v3_small...
2023-03-02 16:41:30.254 | INFO     | __main__:downloadApplicationsModel:66 - Finish extracting application modelmobilenet_v3_small
2023-03-02 16:41:30.255 | INFO     | __main__:downloadApplicationsModel:41 - Extracting model: mobilenet_v3_large ... from https://drive.google.com/u/2/uc?id=13FrrsBTH9wvLFWPBPEgkkAinUg35sZDJ
2023-03-02 16:41:30.255 | WARNING  | __main__:downloadApplicationsModel:50 - Directory /home/user/edgeML_deploy_tools/image_class_onnx already exists!!
2023-03-02 16:41:30.255 | WARNING  | __main__:downloadApplicationsModel:56 - Application model mobilenet_v3_large not found. Downloading...
Downloading...
From: https://drive.google.com/u/2/uc?id=13FrrsBTH9wvLFWPBPEgkkAinUg35sZDJ
To: /home/user/edgeML_deploy_tools/image_class_onnx/mobilenet_v3_large.onnx.tar.gz
100%|█████████████████████████████████████████████████████████████████████████████████████████████████████████████████████████████████████████████████████████████████████████████████████████████████████████████████████████████████████████| 20.4M/20.4M [00:02<00:00, 7.71MB/s]
2023-03-02 16:41:35.638 | WARNING  | __main__:downloadApplicationsModel:62 - File is not extracted.Extracting application model mobilenet_v3_large...
2023-03-02 16:41:35.765 | INFO     | __main__:downloadApplicationsModel:66 - Finish extracting application modelmobilenet_v3_large
2023-03-02 16:41:35.765 | INFO     | __main__:downloadApplicationsModel:41 - Extracting model: mnasnet0_5 ... from https://drive.google.com/u/2/uc?id=1yhxMtKafHwTC23cwyqIbGnCNzwNzXLGs
2023-03-02 16:41:35.765 | WARNING  | __main__:downloadApplicationsModel:50 - Directory /home/user/edgeML_deploy_tools/image_class_onnx already exists!!
2023-03-02 16:41:35.765 | WARNING  | __main__:downloadApplicationsModel:56 - Application model mnasnet0_5 not found. Downloading...
Downloading...
From: https://drive.google.com/u/2/uc?id=1yhxMtKafHwTC23cwyqIbGnCNzwNzXLGs
To: /home/user/edgeML_deploy_tools/image_class_onnx/mnasnet0_5.onnx.tar.gz
100%|█████████████████████████████████████████████████████████████████████████████████████████████████████████████████████████████████████████████████████████████████████████████████████████████████████████████████████████████████████████| 8.20M/8.20M [00:01<00:00, 7.44MB/s]
2023-03-02 16:41:38.554 | WARNING  | __main__:downloadApplicationsModel:62 - File is not extracted.Extracting application model mnasnet0_5...
2023-03-02 16:41:38.613 | INFO     | __main__:downloadApplicationsModel:66 - Finish extracting application modelmnasnet0_5
2023-03-02 16:41:38.613 | INFO     | __main__:downloadApplicationsModel:41 - Extracting model: mnasnet0_75 ... from https://drive.google.com/u/2/uc?id=1FVZylLcnsU4NWCujk2WiGZ0geh18JH9m
2023-03-02 16:41:38.613 | WARNING  | __main__:downloadApplicationsModel:50 - Directory /home/user/edgeML_deploy_tools/image_class_onnx already exists!!
2023-03-02 16:41:38.613 | WARNING  | __main__:downloadApplicationsModel:56 - Application model mnasnet0_75 not found. Downloading...
Downloading...
From: https://drive.google.com/u/2/uc?id=1FVZylLcnsU4NWCujk2WiGZ0geh18JH9m
To: /home/user/edgeML_deploy_tools/image_class_onnx/mnasnet0_75.onnx.tar.gz
100%|█████████████████████████████████████████████████████████████████████████████████████████████████████████████████████████████████████████████████████████████████████████████████████████████████████████████████████████████████████████| 11.8M/11.8M [00:01<00:00, 6.78MB/s]
2023-03-02 16:41:42.203 | WARNING  | __main__:downloadApplicationsModel:62 - File is not extracted.Extracting application model mnasnet0_75...
2023-03-02 16:41:42.279 | INFO     | __main__:downloadApplicationsModel:66 - Finish extracting application modelmnasnet0_75
2023-03-02 16:41:42.279 | INFO     | __main__:downloadApplicationsModel:41 - Extracting model: mnasnet1_3 ... from https://drive.google.com/u/2/uc?id=1TJzku6MXIU1jRhHfB_TlCdgi26iQZunt
2023-03-02 16:41:42.279 | WARNING  | __main__:downloadApplicationsModel:50 - Directory /home/user/edgeML_deploy_tools/image_class_onnx already exists!!
2023-03-02 16:41:42.279 | WARNING  | __main__:downloadApplicationsModel:56 - Application model mnasnet1_3 not found. Downloading...
Downloading...
From: https://drive.google.com/u/2/uc?id=1TJzku6MXIU1jRhHfB_TlCdgi26iQZunt
To: /home/user/edgeML_deploy_tools/image_class_onnx/mnasnet1_3.onnx.tar.gz
100%|█████████████████████████████████████████████████████████████████████████████████████████████████████████████████████████████████████████████████████████████████████████████████████████████████████████████████████████████████████████| 23.3M/23.3M [00:03<00:00, 7.09MB/s]
2023-03-02 16:41:48.161 | WARNING  | __main__:downloadApplicationsModel:62 - File is not extracted.Extracting application model mnasnet1_3...
2023-03-02 16:41:48.300 | INFO     | __main__:downloadApplicationsModel:66 - Finish extracting application modelmnasnet1_3
2023-03-02 16:41:48.300 | INFO     | __main__:downloadApplicationsModel:41 - Extracting model: resnet18 ... from https://drive.google.com/u/2/uc?id=17m7CuXcnlHkco5CXrNhvOwLVbfpiD4Ix
2023-03-02 16:41:48.300 | WARNING  | __main__:downloadApplicationsModel:50 - Directory /home/user/edgeML_deploy_tools/image_class_onnx already exists!!
2023-03-02 16:41:48.300 | WARNING  | __main__:downloadApplicationsModel:56 - Application model resnet18 not found. Downloading...
Downloading...
From: https://drive.google.com/u/2/uc?id=17m7CuXcnlHkco5CXrNhvOwLVbfpiD4Ix
To: /home/user/edgeML_deploy_tools/image_class_onnx/resnet18.onnx.tar.gz
100%|█████████████████████████████████████████████████████████████████████████████████████████████████████████████████████████████████████████████████████████████████████████████████████████████████████████████████████████████████████████| 43.4M/43.4M [00:06<00:00, 7.21MB/s]
2023-03-02 16:41:55.606 | WARNING  | __main__:downloadApplicationsModel:62 - File is not extracted.Extracting application model resnet18...
2023-03-02 16:41:55.865 | INFO     | __main__:downloadApplicationsModel:66 - Finish extracting application modelresnet18
2023-03-02 16:41:55.865 | INFO     | __main__:downloadApplicationsModel:41 - Extracting model: resnext50_32x4d ... from https://drive.google.com/u/2/uc?id=1NP13J-kbD5Hb7zs4lSyWNGb4S5teu9t8
2023-03-02 16:41:55.865 | WARNING  | __main__:downloadApplicationsModel:50 - Directory /home/user/edgeML_deploy_tools/image_class_onnx already exists!!
2023-03-02 16:41:55.865 | WARNING  | __main__:downloadApplicationsModel:56 - Application model resnext50_32x4d not found. Downloading...
Downloading...
From: https://drive.google.com/u/2/uc?id=1NP13J-kbD5Hb7zs4lSyWNGb4S5teu9t8
To: /home/user/edgeML_deploy_tools/image_class_onnx/resnext50_32x4d.onnx.tar.gz
100%|█████████████████████████████████████████████████████████████████████████████████████████████████████████████████████████████████████████████████████████████████████████████████████████████████████████████████████████████████████████| 93.2M/93.2M [00:12<00:00, 7.29MB/s]
2023-03-02 16:42:15.047 | WARNING  | __main__:downloadApplicationsModel:62 - File is not extracted.Extracting application model resnext50_32x4d...
2023-03-02 16:42:15.581 | INFO     | __main__:downloadApplicationsModel:66 - Finish extracting application modelresnext50_32x4d
2023-03-02 16:42:15.581 | INFO     | __main__:downloadApplicationsModel:41 - Extracting model: wide_resnet50_2 ... from https://drive.google.com/u/2/uc?id=1JA4OQHJfMPtgECIpaZ71pXROO09Qpp3f
2023-03-02 16:42:15.581 | WARNING  | __main__:downloadApplicationsModel:50 - Directory /home/user/edgeML_deploy_tools/image_class_onnx already exists!!
2023-03-02 16:42:15.581 | WARNING  | __main__:downloadApplicationsModel:56 - Application model wide_resnet50_2 not found. Downloading...
Downloading...
From: https://drive.google.com/u/2/uc?id=1JA4OQHJfMPtgECIpaZ71pXROO09Qpp3f
To: /home/user/edgeML_deploy_tools/image_class_onnx/wide_resnet50_2.onnx.tar.gz
100%|███████████████████████████████████████████████████████████████████████████████████████████████████████████████████████████████████████████████████████████████████████████████████████████████████████████████████████████████████████████| 256M/256M [00:35<00:00, 7.18MB/s]
2023-03-02 16:42:52.507 | WARNING  | __main__:downloadApplicationsModel:62 - File is not extracted.Extracting application model wide_resnet50_2...
2023-03-02 16:42:53.962 | INFO     | __main__:downloadApplicationsModel:66 - Finish extracting application modelwide_resnet50_2

